2025-07-25 17:57:00 | INFO | repo=course-sys-int-systems | action=commit
2025-04-08 11:06:00 | WARN | repo=course-sys-int-systems | action=test | passed=true
2025-05-21 15:11:00 | WARN | repo=course-sys-int-systems | action=commit
2025-08-14 13:43:00 | WARN | repo=course-sys-int-systems | action=commit
2025-01-04 07:29:00 | INFO | repo=course-sys-int-systems | action=commit
2025-05-10 07:17:00 | DEBUG | repo=course-sys-int-systems | action=commit
2025-11-12 12:47:00 | DEBUG | repo=course-sys-int-systems | action=commit
2025-07-05 15:41:00 | WARN | repo=course-sys-int-systems | action=commit
2025-03-21 21:56:00 | DEBUG | repo=course-sys-int-systems | action=pull
2025-11-01 12:45:00 | DEBUG | repo=course-sys-int-systems | action=commit
2025-06-21 16:20:00 | INFO | repo=course-sys-int-systems | action=commit
2025-07-24 07:06:00 | WARN | repo=course-sys-int-systems | action=pull
2025-07-04 19:52:00 | DEBUG | repo=course-sys-int-systems | action=commit
2025-02-23 14:08:00 | WARN | repo=course-sys-int-systems | action=commit
2025-12-28 21:22:00 | WARN | repo=course-sys-int-systems | action=commit
2025-06-13 19:43:00 | WARN | repo=course-sys-int-systems | action=commit
2025-03-01 14:07:00 | DEBUG | repo=course-sys-int-systems | action=test | passed=true
2025-08-24 14:55:00 | INFO | repo=course-sys-int-systems | action=test | passed=true
2025-09-09 12:05:00 | INFO | repo=course-sys-int-systems | action=commit
2025-03-14 20:41:00 | DEBUG | repo=course-sys-int-systems | action=commit
2025-07-03 17:39:00 | WARN | repo=course-sys-int-systems | action=commit
2025-06-22 18:12:00 | WARN | repo=course-sys-int-systems | action=commit
2025-09-26 17:06:00 | DEBUG | repo=course-sys-int-systems | action=commit
